dyld: warning: could not load inserted library '/Library/Frameworks/Xamarin.iOS.framework/Versions/Current/lib/monotouch-fixes.dylib' because no suitable image found.  Did find:
	/Library/Frameworks/Xamarin.iOS.framework/Versions/Current/lib/monotouch-fixes.dylib: required code signature missing for '/Library/Frameworks/Xamarin.iOS.framework/Versions/Current/lib/monotouch-fixes.dylib'

objc[48009]: Class VCWeakObjectHolder is implemented in both /Applications/Xcode.app/Contents/Developer/Platforms/iPhoneSimulator.platform/Developer/SDKs/iPhoneSimulator.sdk/System/Library/PrivateFrameworks/GameKitServices.framework/Frameworks/ViceroyTrace.framework/ViceroyTrace (0x12a980f8) and /Applications/Xcode.app/Contents/Developer/Platforms/iPhoneSimulator.platform/Developer/SDKs/iPhoneSimulator.sdk/System/Library/PrivateFrameworks/GameKitServices.framework/Frameworks/AVConference.framework/AVConference (0x129e0074). One of the two will be used. Which one is undefined.
objc[48009]: Class PLBuildVersion is implemented in both /Applications/Xcode.app/Contents/Developer/Platforms/iPhoneSimulator.platform/Developer/SDKs/iPhoneSimulator.sdk/System/Library/PrivateFrameworks/AssetsLibraryServices.framework/AssetsLibraryServices (0x15e0f44c) and /Applications/Xcode.app/Contents/Developer/Platforms/iPhoneSimulator.platform/Developer/SDKs/iPhoneSimulator.sdk/System/Library/PrivateFrameworks/PhotoLibraryServices.framework/PhotoLibraryServices (0x158864d8). One of the two will be used. Which one is undefined.
2016-11-30 16:43:03.871 CarouselPageNavigationiOS[48009:14828705] 
Unhandled Exception:
Xamarin.Forms.Xaml.XamlParseException: Position 19:21. Cannot assign property "Orientation": Property does not exists, or is not assignable, or mismatching type between value and property
  at Xamarin.Forms.Xaml.ApplyPropertiesVisitor.SetPropertyValue (System.Object xamlelement, Xamarin.Forms.Xaml.XmlName propertyName, System.Object value, System.Object rootElement, Xamarin.Forms.Xaml.INode node, Xamarin.Forms.Xaml.HydratationContext context, System.Xml.IXmlLineInfo lineInfo) [0x000de] in <13c8a71093b846a6b0a889e11218af09>:0 
  at Xamarin.Forms.Xaml.ApplyPropertiesVisitor.Visit (Xamarin.Forms.Xaml.ValueNode node, Xamarin.Forms.Xaml.INode parentNode) [0x00085] in <13c8a71093b846a6b0a889e11218af09>:0 
  at Xamarin.Forms.Xaml.ValueNode.Accept (Xamarin.Forms.Xaml.IXamlNodeVisitor visitor, Xamarin.Forms.Xaml.INode parentNode) [0x00000] in <13c8a71093b846a6b0a889e11218af09>:0 
  at Xamarin.Forms.Xaml.ElementNode.Accept (Xamarin.Forms.Xaml.IXamlNodeVisitor visitor, Xamarin.Forms.Xaml.INode parentNode) [0x00054] in <13c8a71093b846a6b0a889e11218af09>:0 
  at Xamarin.Forms.Xaml.ElementNode.Accept (Xamarin.Forms.Xaml.IXamlNodeVisitor visitor, Xamarin.Forms.Xaml.INode parentNode) [0x00089] in <13c8a71093b846a6b0a889e11218af09>:0 
  at Xamarin.Forms.Xaml.ElementNode.Accept (Xamarin.Forms.Xaml.IXamlNodeVisitor visitor, Xamarin.Forms.Xaml.INode parentNode) [0x00089] in <13c8a71093b846a6b0a889e11218af09>:0 
  at Xamarin.Forms.Xaml.ElementNode.Accept (Xamarin.Forms.Xaml.IXamlNodeVisitor visitor, Xamarin.Forms.Xaml.INode parentNode) [0x00089] in <13c8a71093b846a6b0a889e11218af09>:0 
  at Xamarin.Forms.Xaml.ApplyPropertiesVisitor+<>c__DisplayClass32_0.<SetTemplate>b__0 () [0x000b9] in <13c8a71093b846a6b0a889e11218af09>:0 
  at Xamarin.Forms.ElementTemplate.CreateContent () [0x0002c] in <f9095492ed2b43559d0236ac22ab7223>:0 
  at Xamarin.Forms.DataTemplateExtensions.CreateContent (Xamarin.Forms.DataTemplate self, System.Object item, Xamarin.Forms.BindableObject container) [0x00014] in <f9095492ed2b43559d0236ac22ab7223>:0 
  at Xamarin.Forms.TemplatedItemsList`2[TView,TItem].CreateContent (System.Int32 index, System.Object item, System.Boolean insert) [0x00021] in <f9095492ed2b43559d0236ac22ab7223>:0 
  at Xamarin.Forms.TemplatedItemsList`2[TView,TItem].GetOrCreateContent (System.Int32 index, System.Object item) [0x00023] in <f9095492ed2b43559d0236ac22ab7223>:0 
  at Xamarin.Forms.TemplatedItemsList`2+<GetEnumerator>d__79[TView,TItem].MoveNext () [0x0004f] in <f9095492ed2b43559d0236ac22ab7223>:0 
  at System.Linq.Enumerable.First[TSource] (System.Collections.Generic.IEnumerable`1[T] source) [0x0003e] in <2162f27dd12d442a86c18d3f8b32c3df>:0 
  at Xamarin.Forms.Platform.iOS.ListViewRenderer.UpdateEstimatedRowHeight () [0x00059] in <7ff703f91a67491ca2d0fe8f591979c3>:0 
  at Xamarin.Forms.Platform.iOS.ListViewRenderer.OnElementChanged (Xamarin.Forms.Platform.iOS.ElementChangedEventArgs`1[TElement] e) [0x001b2] in <7ff703f91a67491ca2d0fe8f591979c3>:0 
  at Xamarin.Forms.Platform.iOS.VisualElementRenderer`1[TElement].SetElement (TElement element) [0x00118] in <7ff703f91a67491ca2d0fe8f591979c3>:0 
  at Xamarin.Forms.Platform.iOS.VisualElementRenderer`1[TElement].Xamarin.Forms.Platform.iOS.IVisualElementRenderer.SetElement (Xamarin.Forms.VisualElement element) [0x00000] in <7ff703f91a67491ca2d0fe8f591979c3>:0 
  at Xamarin.Forms.Platform.iOS.Platform.CreateRenderer (Xamarin.Forms.VisualElement element) [0x0001b] in <7ff703f91a67491ca2d0fe8f591979c3>:0 
  at Xamarin.Forms.Platform.iOS.VisualElementPackager.OnChildAdded (Xamarin.Forms.VisualElement view) [0x00009] in <7ff703f91a67491ca2d0fe8f591979c3>:0 
  at Xamarin.Forms.Platform.iOS.VisualElementPackager.Load () [0x0001e] in <7ff703f91a67491ca2d0fe8f591979c3>:0 
  at Xamarin.Forms.Platform.iOS.VisualElementRenderer`1[TElement].SetElement (TElement element) [0x000cc] in <7ff703f91a67491ca2d0fe8f591979c3>:0 
  at Xamarin.Forms.Platform.iOS.VisualElementRenderer`1[TElement].Xamarin.Forms.Platform.iOS.IVisualElementRenderer.SetElement (Xamarin.Forms.VisualElement element) [0x00000] in <7ff703f91a67491ca2d0fe8f591979c3>:0 
  at Xamarin.Forms.Platform.iOS.Platform.CreateRenderer (Xamarin.Forms.VisualElement element) [0x0001b] in <7ff703f91a67491ca2d0fe8f591979c3>:0 
  at Xamarin.Forms.Platform.iOS.VisualElementPackager.OnChildAdded (Xamarin.Forms.VisualElement view) [0x00009] in <7ff703f91a67491ca2d0fe8f591979c3>:0 
  at Xamarin.Forms.Platform.iOS.VisualElementPackager.Load () [0x0001e] in <7ff703f91a67491ca2d0fe8f591979c3>:0 
  at Xamarin.Forms.Platform.iOS.PageRenderer.ViewDidLoad () [0x00086] in <7ff703f91a67491ca2d0fe8f591979c3>:0 
--- End of stack trace from previous location where exception was thrown ---
  at (wrapper managed-to-native) ObjCRuntime.Messaging:IntPtr_objc_msgSendSuper (intptr,intptr)
  at UIKit.UIViewController.get_View () [0x00040] in <52b3db7f9eff4c2d8b4778c5c32a1354>:0 
  at Xamarin.Forms.Platform.iOS.PageRenderer.get_NativeView () [0x00008] in <7ff703f91a67491ca2d0fe8f591979c3>:0 
  at Xamarin.Forms.Platform.iOS.PageRenderer.SetElement (Xamarin.Forms.VisualElement element) [0x0004f] in <7ff703f91a67491ca2d0fe8f591979c3>:0 
  at Xamarin.Forms.Platform.iOS.Platform.CreateRenderer (Xamarin.Forms.VisualElement element) [0x0001b] in <7ff703f91a67491ca2d0fe8f591979c3>:0 
  at Xamarin.Forms.Platform.iOS.Platform+<PresentModal>d__47.MoveNext () [0x0002c] in <7ff703f91a67491ca2d0fe8f591979c3>:0 
--- End of stack trace from previous location where exception was thrown ---
  at System.Runtime.ExceptionServices.ExceptionDispatchInfo.Throw () [0x0000c] in <2022c32c47894a878f84eb1f908dbb34>:0 
  at System.Runtime.CompilerServices.TaskAwaiter.ThrowForNonSuccess (System.Threading.Tasks.Task task) [0x0004e] in <2022c32c47894a878f84eb1f908dbb34>:0 
  at System.Runtime.CompilerServices.TaskAwaiter.HandleNonSuccessAndDebuggerNotification (System.Threading.Tasks.Task task) [0x0002e] in <2022c32c47894a878f84eb1f908dbb34>:0 
  at System.Runtime.CompilerServices.TaskAwaiter.ValidateEnd (System.Threading.Tasks.Task task) [0x0000b] in <2022c32c47894a878f84eb1f908dbb34>:0 
  at System.Runtime.CompilerServices.TaskAwaiter.GetResult () [0x00000] in <2022c32c47894a878f84eb1f908dbb34>:0 
  at Xamarin.Forms.Application+NavigationImpl+<OnPushModal>d__3.MoveNext () [0x000d5] in <f9095492ed2b43559d0236ac22ab7223>:0 
--- End of stack trace from previous location where exception was thrown ---
  at System.Runtime.ExceptionServices.ExceptionDispatchInfo.Throw () [0x0000c] in <2022c32c47894a878f84eb1f908dbb34>:0 
  at System.Runtime.CompilerServices.TaskAwaiter.ThrowForNonSuccess (System.Threading.Tasks.Task task) [0x0004e] in <2022c32c47894a878f84eb1f908dbb34>:0 
  at System.Runtime.CompilerServices.TaskAwaiter.HandleNonSuccessAndDebuggerNotification (System.Threading.Tasks.Task task) [0x0002e] in <2022c32c47894a878f84eb1f908dbb34>:0 
  at System.Runtime.CompilerServices.TaskAwaiter.ValidateEnd (System.Threading.Tasks.Task task) [0x0000b] in <2022c32c47894a878f84eb1f908dbb34>:0 
  at System.Runtime.CompilerServices.TaskAwaiter.GetResult () [0x00000] in <2022c32c47894a878f84eb1f908dbb34>:0 
  at CarouselPageNavigation.MainPage+<OnActionSheetSimpleClicked>c__async1.MoveNext () [0x00141] in <ad18c4e65f0a4229b4357a06ca435bba>:0 
--- End of stack trace from previous location where exception was thrown ---
  at System.Runtime.ExceptionServices.ExceptionDispatchInfo.Throw () [0x0000c] in <2022c32c47894a878f84eb1f908dbb34>:0 
  at System.Runtime.CompilerServices.AsyncMethodBuilderCore.<ThrowAsync>m__0 (System.Object state) [0x00000] in <2022c32c47894a878f84eb1f908dbb34>:0 
  at UIKit.UIKitSynchronizationContext+<Post>c__AnonStorey0.<>m__0 () [0x00000] in <52b3db7f9eff4c2d8b4778c5c32a1354>:0 
  at Foundation.NSAsyncActionDispatcher.Apply () [0x00000] in <52b3db7f9eff4c2d8b4778c5c32a1354>:0 
--- End of stack trace from previous location where exception was thrown ---
  at (wrapper managed-to-native) UIKit.UIApplication:UIApplicationMain (int,string[],intptr,intptr)
  at UIKit.UIApplication.Main (System.String[] args, System.IntPtr principal, System.IntPtr delegate) [0x00005] in <52b3db7f9eff4c2d8b4778c5c32a1354>:0 
  at UIKit.UIApplication.Main (System.String[] args, System.String principalClassName, System.String delegateClassName) [0x00038] in <52b3db7f9eff4c2d8b4778c5c32a1354>:0 
  at CarouselPageNavigation.iOS.Application.Main (System.String[] args) [0x00000] in <3e40acfb0e4f48f4ade5a42812aafd16>:0 
2016-11-30 16:43:03.873 CarouselPageNavigationiOS[48009:14828705] Unhandled managed exception:
Position 19:21. Cannot assign property "Orientation": Property does not exists, or is not assignable, or mismatching type between value and property (Xamarin.Forms.Xaml.XamlParseException)
  at Xamarin.Forms.Xaml.ApplyPropertiesVisitor.SetPropertyValue (System.Object xamlelement, Xamarin.Forms.Xaml.XmlName propertyName, System.Object value, System.Object rootElement, Xamarin.Forms.Xaml.INode node, Xamarin.Forms.Xaml.HydratationContext context, System.Xml.IXmlLineInfo lineInfo) [0x000de] in <13c8a71093b846a6b0a889e11218af09>:0 
  at Xamarin.Forms.Xaml.ApplyPropertiesVisitor.Visit (Xamarin.Forms.Xaml.ValueNode node, Xamarin.Forms.Xaml.INode parentNode) [0x00085] in <13c8a71093b846a6b0a889e11218af09>:0 
  at Xamarin.Forms.Xaml.ValueNode.Accept (Xamarin.Forms.Xaml.IXamlNodeVisitor visitor, Xamarin.Forms.Xaml.INode parentNode) [0x00000] in <13c8a71093b846a6b0a889e11218af09>:0 
  at Xamarin.Forms.Xaml.ElementNode.Accept (Xamarin.Forms.Xaml.IXamlNodeVisitor visitor, Xamarin.Forms.Xaml.INode parentNode) [0x00054] in <13c8a71093b846a6b0a889e11218af09>:0 
  at Xamarin.Forms.Xaml.ElementNode.Accept (Xamarin.Forms.Xaml.IXamlNodeVisitor visitor, Xamarin.Forms.Xaml.INode parentNode) [0x00089] in <13c8a71093b846a6b0a889e11218af09>:0 
  at Xamarin.Forms.Xaml.ElementNode.Accept (Xamarin.Forms.Xaml.IXamlNodeVisitor visitor, Xamarin.Forms.Xaml.INode parentNode) [0x00089] in <13c8a71093b846a6b0a889e11218af09>:0 
  at Xamarin.Forms.Xaml.ElementNode.Accept (Xamarin.Forms.Xaml.IXamlNodeVisitor visitor, Xamarin.Forms.Xaml.INode parentNode) [0x00089] in <13c8a71093b846a6b0a889e11218af09>:0 
  at Xamarin.Forms.Xaml.ApplyPropertiesVisitor+<>c__DisplayClass32_0.<SetTemplate>b__0 () [0x000b9] in <13c8a71093b846a6b0a889e11218af09>:0 
  at Xamarin.Forms.ElementTemplate.CreateContent () [0x0002c] in <f9095492ed2b43559d0236ac22ab7223>:0 
  at Xamarin.Forms.DataTemplateExtensions.CreateContent (Xamarin.Forms.DataTemplate self, System.Object item, Xamarin.Forms.BindableObject container) [0x00014] in <f9095492ed2b43559d0236ac22ab7223>:0 
  at Xamarin.Forms.TemplatedItemsList`2[TView,TItem].CreateContent (System.Int32 index, System.Object item, System.Boolean insert) [0x00021] in <f9095492ed2b43559d0236ac22ab7223>:0 
  at Xamarin.Forms.TemplatedItemsList`2[TView,TItem].GetOrCreateContent (System.Int32 index, System.Object item) [0x00023] in <f9095492ed2b43559d0236ac22ab7223>:0 
  at Xamarin.Forms.TemplatedItemsList`2+<GetEnumerator>d__79[TView,TItem].MoveNext () [0x0004f] in <f9095492ed2b43559d0236ac22ab7223>:0 
  at System.Linq.Enumerable.First[TSource] (System.Collections.Generic.IEnumerable`1[T] source) [0x0003e] in <2162f27dd12d442a86c18d3f8b32c3df>:0 
  at Xamarin.Forms.Platform.iOS.ListViewRenderer.UpdateEstimatedRowHeight () [0x00059] in <7ff703f91a67491ca2d0fe8f591979c3>:0 
  at Xamarin.Forms.Platform.iOS.ListViewRenderer.OnElementChanged (Xamarin.Forms.Platform.iOS.ElementChangedEventArgs`1[TElement] e) [0x001b2] in <7ff703f91a67491ca2d0fe8f591979c3>:0 
  at Xamarin.Forms.Platform.iOS.VisualElementRenderer`1[TElement].SetElement (TElement element) [0x00118] in <7ff703f91a67491ca2d0fe8f591979c3>:0 
  at Xamarin.Forms.Platform.iOS.VisualElementRenderer`1[TElement].Xamarin.Forms.Platform.iOS.IVisualElementRenderer.SetElement (Xamarin.Forms.VisualElement element) [0x00000] in <7ff703f91a67491ca2d0fe8f591979c3>:0 
  at Xamarin.Forms.Platform.iOS.Platform.CreateRenderer (Xamarin.Forms.VisualElement element) [0x0001b] in <7ff703f91a67491ca2d0fe8f591979c3>:0 
  at Xamarin.Forms.Platform.iOS.VisualElementPackager.OnChildAdded (Xamarin.Forms.VisualElement view) [0x00009] in <7ff703f91a67491ca2d0fe8f591979c3>:0 
  at Xamarin.Forms.Platform.iOS.VisualElementPackager.Load () [0x0001e] in <7ff703f91a67491ca2d0fe8f591979c3>:0 
  at Xamarin.Forms.Platform.iOS.VisualElementRenderer`1[TElement].SetElement (TElement element) [0x000cc] in <7ff703f91a67491ca2d0fe8f591979c3>:0 
  at Xamarin.Forms.Platform.iOS.VisualElementRenderer`1[TElement].Xamarin.Forms.Platform.iOS.IVisualElementRenderer.SetElement (Xamarin.Forms.VisualElement element) [0x00000] in <7ff703f91a67491ca2d0fe8f591979c3>:0 
  at Xamarin.Forms.Platform.iOS.Platform.CreateRenderer (Xamarin.Forms.VisualElement element) [0x0001b] in <7ff703f91a67491ca2d0fe8f591979c3>:0 
  at Xamarin.Forms.Platform.iOS.VisualElementPackager.OnChildAdded (Xamarin.Forms.VisualElement view) [0x00009] in <7ff703f91a67491ca2d0fe8f591979c3>:0 
  at Xamarin.Forms.Platform.iOS.VisualElementPackager.Load () [0x0001e] in <7ff703f91a67491ca2d0fe8f591979c3>:0 
  at Xamarin.Forms.Platform.iOS.PageRenderer.ViewDidLoad () [0x00086] in <7ff703f91a67491ca2d0fe8f591979c3>:0 
--- End of stack trace from previous location where exception was thrown ---
  at (wrapper managed-to-native) ObjCRuntime.Messaging:IntPtr_objc_msgSendSuper (intptr,intptr)
  at UIKit.UIViewController.get_View () [0x00040] in <52b3db7f9eff4c2d8b4778c5c32a1354>:0 
  at Xamarin.Forms.Platform.iOS.PageRenderer.get_NativeView () [0x00008] in <7ff703f91a67491ca2d0fe8f591979c3>:0 
  at Xamarin.Forms.Platform.iOS.PageRenderer.SetElement (Xamarin.Forms.VisualElement element) [0x0004f] in <7ff703f91a67491ca2d0fe8f591979c3>:0 
  at Xamarin.Forms.Platform.iOS.Platform.CreateRenderer (Xamarin.Forms.VisualElement element) [0x0001b] in <7ff703f91a67491ca2d0fe8f591979c3>:0 
  at Xamarin.Forms.Platform.iOS.Platform+<PresentModal>d__47.MoveNext () [0x0002c] in <7ff703f91a67491ca2d0fe8f591979c3>:0 
--- End of stack trace from previous location where exception was thrown ---
  at System.Runtime.ExceptionServices.ExceptionDispatchInfo.Throw () [0x0000c] in <2022c32c47894a878f84eb1f908dbb34>:0 
  at System.Runtime.CompilerServices.TaskAwaiter.ThrowForNonSuccess (System.Threading.Tasks.Task task) [0x0004e] in <2022c32c47894a878f84eb1f908dbb34>:0 
  at System.Runtime.CompilerServices.TaskAwaiter.HandleNonSuccessAndDebuggerNotification (System.Threading.Tasks.Task task) [0x0002e] in <2022c32c47894a878f84eb1f908dbb34>:0 
  at System.Runtime.CompilerServices.TaskAwaiter.ValidateEnd (System.Threading.Tasks.Task task) [0x0000b] in <2022c32c47894a878f84eb1f908dbb34>:0 
  at System.Runtime.CompilerServices.TaskAwaiter.GetResult () [0x00000] in <2022c32c47894a878f84eb1f908dbb34>:0 
  at Xamarin.Forms.Application+NavigationImpl+<OnPushModal>d__3.MoveNext () [0x000d5] in <f9095492ed2b43559d0236ac22ab7223>:0 
--- End of stack trace from previous location where exception was thrown ---
  at System.Runtime.ExceptionServices.ExceptionDispatchInfo.Throw () [0x0000c] in <2022c32c47894a878f84eb1f908dbb34>:0 
  at System.Runtime.CompilerServices.TaskAwaiter.ThrowForNonSuccess (System.Threading.Tasks.Task task) [0x0004e] in <2022c32c47894a878f84eb1f908dbb34>:0 
  at System.Runtime.CompilerServices.TaskAwaiter.HandleNonSuccessAndDebuggerNotification (System.Threading.Tasks.Task task) [0x0002e] in <2022c32c47894a878f84eb1f908dbb34>:0 
  at System.Runtime.CompilerServices.TaskAwaiter.ValidateEnd (System.Threading.Tasks.Task task) [0x0000b] in <2022c32c47894a878f84eb1f908dbb34>:0 
  at System.Runtime.CompilerServices.TaskAwaiter.GetResult () [0x00000] in <2022c32c47894a878f84eb1f908dbb34>:0 
  at CarouselPageNavigation.MainPage+<OnActionSheetSimpleClicked>c__async1.MoveNext () [0x00141] in <ad18c4e65f0a4229b4357a06ca435bba>:0 
--- End of stack trace from previous location where exception was thrown ---
  at System.Runtime.ExceptionServices.ExceptionDispatchInfo.Throw () [0x0000c] in <2022c32c47894a878f84eb1f908dbb34>:0 
  at System.Runtime.CompilerServices.AsyncMethodBuilderCore.<ThrowAsync>m__0 (System.Object state) [0x00000] in <2022c32c47894a878f84eb1f908dbb34>:0 
  at UIKit.UIKitSynchronizationContext+<Post>c__AnonStorey0.<>m__0 () [0x00000] in <52b3db7f9eff4c2d8b4778c5c32a1354>:0 
  at Foundation.NSAsyncActionDispatcher.Apply () [0x00000] in <52b3db7f9eff4c2d8b4778c5c32a1354>:0 
--- End of stack trace from previous location where exception was thrown ---
  at (wrapper managed-to-native) UIKit.UIApplication:UIApplicationMain (int,string[],intptr,intptr)
  at UIKit.UIApplication.Main (System.String[] args, System.IntPtr principal, System.IntPtr delegate) [0x00005] in <52b3db7f9eff4c2d8b4778c5c32a1354>:0 
  at UIKit.UIApplication.Main (System.String[] args, System.String principalClassName, System.String delegateClassName) [0x00038] in <52b3db7f9eff4c2d8b4778c5c32a1354>:0 
  at CarouselPageNavigation.iOS.Application.Main (System.String[] args) [0x00000] in <3e40acfb0e4f48f4ade5a42812aafd16>:0 
2016-11-30 16:43:03.873 CarouselPageNavigationiOS[48009:14828705] critical: Stacktrace:

2016-11-30 16:43:03.874 CarouselPageNavigationiOS[48009:14828705] critical: 
Native stacktrace:

2016-11-30 16:43:03.878 CarouselPageNavigationiOS[48009:14828705] critical: 	0   CarouselPageNavigationiOS           0x001819dd mono_handle_native_sigsegv + 317
2016-11-30 16:43:03.878 CarouselPageNavigationiOS[48009:14828705] critical: 	1   CarouselPageNavigationiOS           0x0018b341 sigabrt_signal_handler + 161
2016-11-30 16:43:03.878 CarouselPageNavigationiOS[48009:14828705] critical: 	2   libsystem_platform.dylib            0x0c0c379b _sigtramp + 43
2016-11-30 16:43:03.878 CarouselPageNavigationiOS[48009:14828705] critical: 	3   ???                                 0xffffffff 0x0 + 4294967295
2016-11-30 16:43:03.878 CarouselPageNavigationiOS[48009:14828705] critical: 	4   libsystem_c.dylib                   0x0be3911f abort + 141
2016-11-30 16:43:03.879 CarouselPageNavigationiOS[48009:14828705] critical: 	5   CarouselPageNavigationiOS           0x003305ec xamarin_unhandled_exception_handler + 44
2016-11-30 16:43:03.879 CarouselPageNavigationiOS[48009:14828705] critical: 	6   CarouselPageNavigationiOS           0x001faf3b mono_invoke_unhandled_exception_hook + 139
2016-11-30 16:43:03.879 CarouselPageNavigationiOS[48009:14828705] critical: 	7   CarouselPageNavigationiOS           0x001810bb mono_handle_exception_internal + 5627
2016-11-30 16:43:03.879 CarouselPageNavigationiOS[48009:14828705] critical: 	8   CarouselPageNavigationiOS           0x0017fab9 mono_handle_exception + 41
2016-11-30 16:43:03.879 CarouselPageNavigationiOS[48009:14828705] critical: 	9   CarouselPageNavigationiOS           0x00117a16 mono_x86_throw_exception + 182
2016-11-30 16:43:03.879 CarouselPageNavigationiOS[48009:14828705] critical: 	10  ???                                 0x1c928b57 0x0 + 479365975
2016-11-30 16:43:03.880 CarouselPageNavigationiOS[48009:14828705] critical: 	11  CarouselPageNavigationiOS           0x00337bd2 _Z30native_to_managed_trampoline_9P11objc_objectP13objc_selectorPP11_MonoMethodPKcS7_ + 354
2016-11-30 16:43:03.880 CarouselPageNavigationiOS[48009:14828705] critical: 	12  CarouselPageNavigationiOS           0x0033e8ba -[__MonoMac_NSAsyncActionDispatcher xamarinApplySelector] + 74
2016-11-30 16:43:03.880 CarouselPageNavigationiOS[48009:14828705] critical: 	13  libobjc.A.dylib                     0x0b1d91b9 -[NSObject performSelector:withObject:] + 59
2016-11-30 16:43:03.880 CarouselPageNavigationiOS[48009:14828705] critical: 	14  Foundation                          0x00ad74e1 __NSThreadPerformPerform + 330
2016-11-30 16:43:03.880 CarouselPageNavigationiOS[48009:14828705] critical: 	15  CoreFoundation                      0x0ac69cbf __CFRUNLOOP_IS_CALLING_OUT_TO_A_SOURCE0_PERFORM_FUNCTION__ + 15
2016-11-30 16:43:03.880 CarouselPageNavigationiOS[48009:14828705] critical: 	16  CoreFoundation                      0x0ac4ddf7 __CFRunLoopDoSources0 + 519
2016-11-30 16:43:03.880 CarouselPageNavigationiOS[48009:14828705] critical: 	17  CoreFoundation                      0x0ac4d284 __CFRunLoopRun + 1124
2016-11-30 16:43:03.881 CarouselPageNavigationiOS[48009:14828705] critical: 	18  CoreFoundation                      0x0ac4cbab CFRunLoopRunSpecific + 395
2016-11-30 16:43:03.881 CarouselPageNavigationiOS[48009:14828705] critical: 	19  CoreFoundation                      0x0ac4ca0b CFRunLoopRunInMode + 123
2016-11-30 16:43:03.881 CarouselPageNavigationiOS[48009:14828705] critical: 	20  GraphicsServices                    0x0b821b4c GSEventRunModal + 177
2016-11-30 16:43:03.881 CarouselPageNavigationiOS[48009:14828705] critical: 	21  GraphicsServices                    0x0b8219c7 GSEventRun + 80
2016-11-30 16:43:03.881 CarouselPageNavigationiOS[48009:14828705] critical: 	22  UIKit                               0x00f6532b UIApplicationMain + 148
2016-11-30 16:43:03.881 CarouselPageNavigationiOS[48009:14828705] critical: 	23  ???                                 0x1e3f9ad8 0x0 + 507484888
2016-11-30 16:43:03.881 CarouselPageNavigationiOS[48009:14828705] critical: 	24  ???                                 0x1e3f99ac 0x0 + 507484588
2016-11-30 16:43:03.882 CarouselPageNavigationiOS[48009:14828705] critical: 	25  ???                                 0x1e3f8690 0x0 + 507479696
2016-11-30 16:43:03.882 CarouselPageNavigationiOS[48009:14828705] critical: 	26  ???                                 0x1e3f8524 0x0 + 507479332
2016-11-30 16:43:03.882 CarouselPageNavigationiOS[48009:14828705] critical: 	27  ???                                 0x1e3f85dc 0x0 + 507479516
2016-11-30 16:43:03.882 CarouselPageNavigationiOS[48009:14828705] critical: 	28  CarouselPageNavigationiOS           0x00191dbd mono_jit_runtime_invoke + 1485
2016-11-30 16:43:03.882 CarouselPageNavigationiOS[48009:14828705] critical: 	29  CarouselPageNavigationiOS           0x0025fa1d do_runtime_invoke + 93
2016-11-30 16:43:03.882 CarouselPageNavigationiOS[48009:14828705] critical: 	30  CarouselPageNavigationiOS           0x00262b16 do_exec_main_checked + 150
2016-11-30 16:43:03.882 CarouselPageNavigationiOS[48009:14828705] critical: 	31  CarouselPageNavigationiOS           0x00261b69 mono_runtime_run_main_checked + 73
2016-11-30 16:43:03.883 CarouselPageNavigationiOS[48009:14828705] critical: 	32  CarouselPageNavigationiOS           0x00117187 mono_jit_exec + 311
2016-11-30 16:43:03.883 CarouselPageNavigationiOS[48009:14828705] critical: 	33  CarouselPageNavigationiOS           0x00334e68 xamarin_main + 1416
2016-11-30 16:43:03.883 CarouselPageNavigationiOS[48009:14828705] critical: 	34  CarouselPageNavigationiOS           0x003c36a1 main + 113
2016-11-30 16:43:03.883 CarouselPageNavigationiOS[48009:14828705] critical: 	35  libdyld.dylib                       0x0bd93799 start + 1
2016-11-30 16:43:03.883 CarouselPageNavigationiOS[48009:14828705] critical: 
=================================================================
Got a SIGABRT while executing native code. This usually indicates
a fatal error in the mono runtime or one of the native libraries 
used by your application.
=================================================================

